NeosuranceSDK_v3_java/build/intermediates/manifest_merge_blame_file/debug/manifest-merger-blame-debug-report.txt
1<?xml version="1.0" encoding="utf-8"?>
2<manifest xmlns:android="http://schemas.android.com/apk/res/android"
3    package="eu.nsrsdk.v3java"
4    android:versionCode="15"
5    android:versionName="3.0.15" >
6
7    <uses-sdk
8        android:minSdkVersion="24"
8-->src/main/AndroidManifest.xml
9        android:targetSdkVersion="30" />
9-->src/main/AndroidManifest.xml
10
11    <uses-permission android:name="android.permission.INTERNET" />
11-->src/main/AndroidManifest.xml:5:5-67
11-->src/main/AndroidManifest.xml:5:22-64
12    <uses-permission android:name="android.permission.ACCESS_NETWORK_STATE" />
12-->src/main/AndroidManifest.xml:6:5-79
12-->src/main/AndroidManifest.xml:6:22-76
13    <uses-permission android:name="android.permission.WRITE_EXTERNAL_STORAGE" />
13-->src/main/AndroidManifest.xml:7:5-81
13-->src/main/AndroidManifest.xml:7:22-78
14    <uses-permission android:name="android.permission.READ_EXTERNAL_STORAGE" />
14-->src/main/AndroidManifest.xml:8:5-80
14-->src/main/AndroidManifest.xml:8:22-77
15    <uses-permission android:name="android.permission.ACCESS_FINE_LOCATION" />
15-->src/main/AndroidManifest.xml:9:5-79
15-->src/main/AndroidManifest.xml:9:22-76
16    <uses-permission android:name="android.permission.ACCESS_COARSE_LOCATION" />
16-->src/main/AndroidManifest.xml:10:5-81
16-->src/main/AndroidManifest.xml:10:22-78
17    <uses-permission android:name="android.permission.ACCESS_BACKGROUND_LOCATION" />
17-->src/main/AndroidManifest.xml:11:5-85
17-->src/main/AndroidManifest.xml:11:22-82
18    <uses-permission android:name="android.permission.CAMERA" />
18-->src/main/AndroidManifest.xml:12:5-65
18-->src/main/AndroidManifest.xml:12:22-62
19    <uses-permission android:name="android.permission.RECEIVE_BOOT_COMPLETED" />
19-->src/main/AndroidManifest.xml:13:5-81
19-->src/main/AndroidManifest.xml:13:22-78
20    <uses-permission android:name="android.permission.FOREGROUND_SERVICE" />
20-->src/main/AndroidManifest.xml:14:5-77
20-->src/main/AndroidManifest.xml:14:22-74
21    <uses-permission android:name="com.google.android.gms.permission.ACTIVITY_RECOGNITION" />
21-->src/main/AndroidManifest.xml:15:5-94
21-->src/main/AndroidManifest.xml:15:22-91
22
23    <!-- uses-permission android:name="android.permission.ACCESS_WIFI_STATE" / -->
24    <!-- uses-permission android:name="android.permission.CHANGE_WIFI_STATE" / -->
25    <!-- uses-feature android:name="android.hardware.sensor.accelerometer" android:required="true" / -->
26    <application>
26-->src/main/AndroidManifest.xml:21:5-53:19
27        <receiver android:name="eu.nsrsdk.v3java.NSRBootReceiver" >
27-->src/main/AndroidManifest.xml:22:9-26:20
27-->src/main/AndroidManifest.xml:22:19-49
28            <intent-filter>
28-->src/main/AndroidManifest.xml:23:13-25:29
29                <action android:name="android.intent.action.BOOT_COMPLETED" />
29-->src/main/AndroidManifest.xml:24:17-79
29-->src/main/AndroidManifest.xml:24:25-76
30            </intent-filter>
31        </receiver>
32
33        <!-- receiver android:name="NSRFenceCallback" / -->
34        <receiver android:name="eu.nsrsdk.v3java.NSRActivityCallback" />
34-->src/main/AndroidManifest.xml:29:9-56
34-->src/main/AndroidManifest.xml:29:19-53
35        <receiver android:name="eu.nsrsdk.v3java.NSRDelayedPush" />
35-->src/main/AndroidManifest.xml:30:9-51
35-->src/main/AndroidManifest.xml:30:19-48
36        <receiver android:name="eu.nsrsdk.v3java.NSRBackground" />
36-->src/main/AndroidManifest.xml:31:9-50
36-->src/main/AndroidManifest.xml:31:19-47
37        <receiver android:name="eu.nsrsdk.utils.PackageChangeReceiver" >
37-->src/main/AndroidManifest.xml:33:9-40:20
37-->src/main/AndroidManifest.xml:33:19-71
38            <intent-filter>
38-->src/main/AndroidManifest.xml:34:13-39:29
39                <action android:name="android.intent.action.PACKAGE_REMOVED" />
39-->src/main/AndroidManifest.xml:35:17-79
39-->src/main/AndroidManifest.xml:35:25-77
40                <action android:name="android.intent.action.PACKAGE_FULLY_REMOVED" />
40-->src/main/AndroidManifest.xml:36:17-86
40-->src/main/AndroidManifest.xml:36:25-83
41                <action android:name="android.intent.action.ACTION_PACKAGE_REMOVED" />
41-->src/main/AndroidManifest.xml:37:17-86
41-->src/main/AndroidManifest.xml:37:25-84
42
43                <data android:scheme="package" />
43-->src/main/AndroidManifest.xml:38:17-49
43-->src/main/AndroidManifest.xml:38:23-47
44            </intent-filter>
45        </receiver>
46
47        <service
47-->src/main/AndroidManifest.xml:42:9-74
48            android:name="eu.nsrsdk.v3java.NSRForeground"
48-->src/main/AndroidManifest.xml:42:18-46
49            android:exported="false" />
49-->src/main/AndroidManifest.xml:42:47-71
50
51        <provider
51-->src/main/AndroidManifest.xml:44:9-46:20
52            android:name="androidx.core.content.FileProvider"
52-->src/main/AndroidManifest.xml:44:19-68
53            android:authorities="${applicationId}.provider"
53-->src/main/AndroidManifest.xml:44:69-116
54            android:exported="false"
54-->src/main/AndroidManifest.xml:44:117-141
55            android:grantUriPermissions="true" >
55-->src/main/AndroidManifest.xml:44:142-176
56            <meta-data
56-->src/main/AndroidManifest.xml:45:13-112
57                android:name="android.support.FILE_PROVIDER_PATHS"
57-->src/main/AndroidManifest.xml:45:24-74
58                android:resource="@xml/file_paths" />
58-->src/main/AndroidManifest.xml:45:75-109
59        </provider>
60
61        <!--
62             activity
63            android:name="eu.nsrsdk.v3java.NSRActivityWebView"
64            android:configChanges="orientation|screenSize|keyboardHidden"
65            android:screenOrientation="portrait"/
66        -->
67
68    </application>
69
70</manifest>